###############################################################
#  Generated by:      Cadence Innovus 20.10-p004_1
#  OS:                Linux x86_64(Host ID ece.bmsce.ac.in)
#  Generated on:      Fri Nov 21 14:22:00 2025
#  Design:            Faulty_EVM
#  Command:           checkPinAssignment
###############################################################

Start Checking pins of top cell: [Faulty_EVM] 
Summary report for top level: [Faulty_EVM] 
	Total Pins                         : 36
	Legally Assigned Pins              : 36
End of Summary report
End Checking pins of top cell: [Faulty_EVM] 


============================================================================================================================
                                                 checkPinAssignment Summary
============================================================================================================================
Partition    | pads  | pins   | legal  | illegal | internal | internal illegal | FT     | FT illegal | constant | unplaced |
============================================================================================================================
Faulty_EVM   |     0 |     36 |     36 |       0 |        0 |                0 |      0 |          0 |        0 |        0 |
============================================================================================================================
TOTAL        |     0 |     36 |     36 |       0 |        0 |                0 |      0 |          0 |        0 |        0 |
============================================================================================================================
